{"/Users/marcinkondrat/Projects/DBD/packages/core/src/dashboard.ts": {"path":"/Users/marcinkondrat/Projects/DBD/packages/core/src/dashboard.ts","statementMap":{"0":{"start":{"line":1,"column":0},"end":{"line":1,"column":51}},"1":{"start":{"line":13,"column":0},"end":{"line":13,"column":58}},"2":{"start":{"line":14,"column":0},"end":{"line":14,"column":57}},"3":{"start":{"line":15,"column":0},"end":{"line":15,"column":46}},"4":{"start":{"line":18,"column":0},"end":{"line":18,"column":38}},"5":{"start":{"line":19,"column":0},"end":{"line":19,"column":42}},"6":{"start":{"line":20,"column":0},"end":{"line":20,"column":55}},"7":{"start":{"line":21,"column":0},"end":{"line":21,"column":53}},"8":{"start":{"line":25,"column":16},"end":{"line":25,"column":30}},"9":{"start":{"line":26,"column":16},"end":{"line":26,"column":28}},"10":{"start":{"line":29,"column":21},"end":{"line":29,"column":58}},"11":{"start":{"line":33,"column":12},"end":{"line":39,"column":6}},"12":{"start":{"line":42,"column":8},"end":{"line":42,"column":42}},"13":{"start":{"line":43,"column":8},"end":{"line":43,"column":20}},"14":{"start":{"line":47,"column":8},"end":{"line":47,"column":36}},"15":{"start":{"line":48,"column":8},"end":{"line":48,"column":20}},"16":{"start":{"line":52,"column":8},"end":{"line":52,"column":37}},"17":{"start":{"line":53,"column":8},"end":{"line":53,"column":20}},"18":{"start":{"line":57,"column":8},"end":{"line":60,"column":11}},"19":{"start":{"line":61,"column":8},"end":{"line":64,"column":11}},"20":{"start":{"line":65,"column":8},"end":{"line":65,"column":51}},"21":{"start":{"line":69,"column":8},"end":{"line":78,"column":11}},"22":{"start":{"line":80,"column":8},"end":{"line":83,"column":11}},"23":{"start":{"line":85,"column":8},"end":{"line":89,"column":11}},"24":{"start":{"line":91,"column":8},"end":{"line":94,"column":11}},"25":{"start":{"line":98,"column":8},"end":{"line":98,"column":73}},"26":{"start":{"line":102,"column":8},"end":{"line":102,"column":37}},"27":{"start":{"line":103,"column":8},"end":{"line":103,"column":36}},"28":{"start":{"line":104,"column":8},"end":{"line":104,"column":34}},"29":{"start":{"line":106,"column":8},"end":{"line":109,"column":11}},"30":{"start":{"line":113,"column":8},"end":{"line":113,"column":35}},"31":{"start":{"line":117,"column":0},"end":{"line":117,"column":25}}},"fnMap":{"0":{"name":"(anonymous_1)","decl":{"start":{"line":24,"column":4},"end":{"line":24,"column":null}},"loc":{"start":{"line":26,"column":28},"end":{"line":27,"column":8}}},"1":{"name":"(anonymous_2)","decl":{"start":{"line":41,"column":11},"end":{"line":41,"column":32}},"loc":{"start":{"line":41,"column":59},"end":{"line":44,"column":5}}},"2":{"name":"(anonymous_3)","decl":{"start":{"line":46,"column":11},"end":{"line":46,"column":25}},"loc":{"start":{"line":46,"column":56},"end":{"line":49,"column":5}}},"3":{"name":"(anonymous_4)","decl":{"start":{"line":51,"column":11},"end":{"line":51,"column":26}},"loc":{"start":{"line":51,"column":58},"end":{"line":54,"column":5}}},"4":{"name":"(anonymous_5)","decl":{"start":{"line":56,"column":12},"end":{"line":56,"column":17}},"loc":{"start":{"line":56,"column":33},"end":{"line":66,"column":5}}},"5":{"name":"(anonymous_6)","decl":{"start":{"line":68,"column":12},"end":{"line":68,"column":17}},"loc":{"start":{"line":68,"column":32},"end":{"line":95,"column":5}}},"6":{"name":"(anonymous_7)","decl":{"start":{"line":97,"column":12},"end":{"line":97,"column":17}},"loc":{"start":{"line":97,"column":30},"end":{"line":99,"column":5}}},"7":{"name":"(anonymous_8)","decl":{"start":{"line":101,"column":11},"end":{"line":101,"column":16}},"loc":{"start":{"line":101,"column":22},"end":{"line":110,"column":5}}},"8":{"name":"(anonymous_9)","decl":{"start":{"line":112,"column":11},"end":{"line":112,"column":16}},"loc":{"start":{"line":112,"column":21},"end":{"line":114,"column":5}}}},"branchMap":{"0":{"loc":{"start":{"line":73,"column":16},"end":{"line":75,"column":null}},"type":"cond-expr","locations":[{"start":{"line":74,"column":22},"end":{"line":74,"column":24}},{"start":{"line":75,"column":22},"end":{"line":75,"column":null}}]},"1":{"loc":{"start":{"line":73,"column":16},"end":{"line":73,"column":73}},"type":"binary-expr","locations":[{"start":{"line":73,"column":16},"end":{"line":73,"column":42}},{"start":{"line":73,"column":46},"end":{"line":73,"column":73}}]}},"s":{"0":2,"1":2,"2":2,"3":2,"4":2,"5":2,"6":2,"7":2,"8":2,"9":2,"10":2,"11":2,"12":0,"13":0,"14":1,"15":1,"16":0,"17":0,"18":2,"19":2,"20":2,"21":2,"22":2,"23":2,"24":2,"25":2,"26":2,"27":2,"28":2,"29":2,"30":2,"31":2},"f":{"0":2,"1":0,"2":1,"3":0,"4":2,"5":2,"6":2,"7":2,"8":2},"b":{"0":[0,2],"1":[2,2]}}
,"/Users/marcinkondrat/Projects/DBD/packages/core/src/index.ts": {"path":"/Users/marcinkondrat/Projects/DBD/packages/core/src/index.ts","statementMap":{"0":{"start":{"line":1,"column":0},"end":{"line":1,"column":7}},"1":{"start":{"line":7,"column":9},"end":{"line":1,"column":36}},"2":{"start":{"line":2,"column":0},"end":{"line":2,"column":7}},"3":{"start":{"line":7,"column":20},"end":{"line":2,"column":63}},"4":{"start":{"line":3,"column":0},"end":{"line":3,"column":7}},"5":{"start":{"line":7,"column":40},"end":{"line":3,"column":53}},"6":{"start":{"line":5,"column":0},"end":{"line":5,"column":7}},"7":{"start":{"line":7,"column":55},"end":{"line":5,"column":63}}},"fnMap":{},"branchMap":{},"s":{"0":2,"1":2,"2":2,"3":2,"4":2,"5":2,"6":2,"7":2},"f":{},"b":{}}
,"/Users/marcinkondrat/Projects/DBD/packages/core/src/builders/FormOptionBuilders.ts": {"path":"/Users/marcinkondrat/Projects/DBD/packages/core/src/builders/FormOptionBuilders.ts","statementMap":{"0":{"start":{"line":1,"column":0},"end":{"line":1,"column":71}},"1":{"start":{"line":3,"column":14},"end":{"line":5,"column":2}},"2":{"start":{"line":7,"column":0},"end":{"line":7,"column":69}},"3":{"start":{"line":9,"column":13},"end":{"line":11,"column":2}},"4":{"start":{"line":13,"column":0},"end":{"line":13,"column":31}}},"fnMap":{},"branchMap":{},"s":{"0":2,"1":2,"2":2,"3":2,"4":2},"f":{},"b":{}}
,"/Users/marcinkondrat/Projects/DBD/packages/core/src/builders/GroupBuilders.ts": {"path":"/Users/marcinkondrat/Projects/DBD/packages/core/src/builders/GroupBuilders.ts","statementMap":{"0":{"start":{"line":1,"column":0},"end":{"line":1,"column":null}},"1":{"start":{"line":6,"column":22},"end":{"line":9,"column":2}},"2":{"start":{"line":11,"column":0},"end":{"line":11,"column":29}}},"fnMap":{},"branchMap":{},"s":{"0":2,"1":2,"2":2},"f":{},"b":{}}
,"/Users/marcinkondrat/Projects/DBD/packages/core/src/builders/StatusBuilders.ts": {"path":"/Users/marcinkondrat/Projects/DBD/packages/core/src/builders/StatusBuilders.ts","statementMap":{"0":{"start":{"line":7,"column":21},"end":{"line":19,"column":2}},"1":{"start":{"line":9,"column":8},"end":{"line":11,"column":10}},"2":{"start":{"line":14,"column":8},"end":{"line":17,"column":10}},"3":{"start":{"line":21,"column":31},"end":{"line":39,"column":2}},"4":{"start":{"line":23,"column":8},"end":{"line":25,"column":10}},"5":{"start":{"line":31,"column":8},"end":{"line":37,"column":10}},"6":{"start":{"line":41,"column":0},"end":{"line":41,"column":56}}},"fnMap":{"0":{"name":"(anonymous_0)","decl":{"start":{"line":8,"column":8},"end":{"line":8,"column":30}},"loc":{"start":{"line":8,"column":32},"end":{"line":12,"column":5}}},"1":{"name":"(anonymous_1)","decl":{"start":{"line":13,"column":11},"end":{"line":13,"column":12}},"loc":{"start":{"line":13,"column":51},"end":{"line":18,"column":5}}},"2":{"name":"(anonymous_2)","decl":{"start":{"line":22,"column":8},"end":{"line":22,"column":37}},"loc":{"start":{"line":22,"column":39},"end":{"line":26,"column":5}}},"3":{"name":"(anonymous_3)","decl":{"start":{"line":27,"column":16},"end":{"line":27,"column":null}},"loc":{"start":{"line":30,"column":42},"end":{"line":38,"column":5}}}},"branchMap":{},"s":{"0":2,"1":0,"2":0,"3":2,"4":0,"5":0,"6":2},"f":{"0":0,"1":0,"2":0,"3":0},"b":{}}
,"/Users/marcinkondrat/Projects/DBD/packages/core/src/builders/guild/TextInput.ts": {"path":"/Users/marcinkondrat/Projects/DBD/packages/core/src/builders/guild/TextInput.ts","statementMap":{"0":{"start":{"line":1,"column":0},"end":{"line":1,"column":100}},"1":{"start":{"line":4,"column":4},"end":{"line":4,"column":23}},"2":{"start":{"line":3,"column":0},"end":{"line":3,"column":13}}},"fnMap":{"0":{"name":"(anonymous_0)","decl":{"start":{"line":3,"column":0},"end":{"line":3,"column":13}},"loc":{"start":{"line":3,"column":0},"end":{"line":5,"column":1}}}},"branchMap":{},"s":{"0":2,"1":0,"2":2},"f":{"0":0},"b":{}}
,"/Users/marcinkondrat/Projects/DBD/packages/core/src/builders/user/TextInput.ts": {"path":"/Users/marcinkondrat/Projects/DBD/packages/core/src/builders/user/TextInput.ts","statementMap":{"0":{"start":{"line":1,"column":0},"end":{"line":1,"column":99}},"1":{"start":{"line":4,"column":4},"end":{"line":4,"column":23}},"2":{"start":{"line":3,"column":0},"end":{"line":3,"column":13}}},"fnMap":{"0":{"name":"(anonymous_0)","decl":{"start":{"line":3,"column":0},"end":{"line":3,"column":13}},"loc":{"start":{"line":3,"column":0},"end":{"line":5,"column":1}}}},"branchMap":{},"s":{"0":2,"1":1,"2":2},"f":{"0":1},"b":{}}
,"/Users/marcinkondrat/Projects/DBD/packages/core/src/plugins/authorization.ts": {"path":"/Users/marcinkondrat/Projects/DBD/packages/core/src/plugins/authorization.ts","statementMap":{"0":{"start":{"line":6,"column":0},"end":{"line":6,"column":32}},"1":{"start":{"line":8,"column":0},"end":{"line":8,"column":44}},"2":{"start":{"line":9,"column":0},"end":{"line":9,"column":64}},"3":{"start":{"line":23,"column":5},"end":{"line":32,"column":1}},"4":{"start":{"line":24,"column":4},"end":{"line":24,"column":42}},"5":{"start":{"line":25,"column":4},"end":{"line":31,"column":7}},"6":{"start":{"line":34,"column":0},"end":{"line":36,"column":3}}},"fnMap":{"0":{"name":"(anonymous_1)","decl":{"start":{"line":23,"column":5},"end":{"line":23,"column":10}},"loc":{"start":{"line":23,"column":29},"end":{"line":32,"column":1}}}},"branchMap":{},"s":{"0":2,"1":2,"2":2,"3":2,"4":2,"5":2,"6":2},"f":{"0":2},"b":{}}
,"/Users/marcinkondrat/Projects/DBD/packages/core/src/plugins/refresh-token.ts": {"path":"/Users/marcinkondrat/Projects/DBD/packages/core/src/plugins/refresh-token.ts","statementMap":{"0":{"start":{"line":3,"column":0},"end":{"line":3,"column":32}},"1":{"start":{"line":5,"column":0},"end":{"line":5,"column":43}},"2":{"start":{"line":10,"column":5},"end":{"line":61,"column":1}},"3":{"start":{"line":11,"column":19},"end":{"line":14,"column":6}},"4":{"start":{"line":16,"column":25},"end":{"line":27,"column":5}},"5":{"start":{"line":17,"column":8},"end":{"line":26,"column":9}},"6":{"start":{"line":18,"column":12},"end":{"line":22,"column":15}},"7":{"start":{"line":24,"column":12},"end":{"line":24,"column":71}},"8":{"start":{"line":25,"column":12},"end":{"line":25,"column":55}},"9":{"start":{"line":29,"column":4},"end":{"line":60,"column":7}},"10":{"start":{"line":30,"column":8},"end":{"line":32,"column":9}},"11":{"start":{"line":31,"column":12},"end":{"line":31,"column":19}},"12":{"start":{"line":34,"column":46},"end":{"line":34,"column":68}},"13":{"start":{"line":36,"column":28},"end":{"line":36,"column":38}},"14":{"start":{"line":37,"column":31},"end":{"line":38,"column":null}},"15":{"start":{"line":41,"column":8},"end":{"line":59,"column":9}},"16":{"start":{"line":42,"column":12},"end":{"line":58,"column":13}},"17":{"start":{"line":43,"column":34},"end":{"line":43,"column":67}},"18":{"start":{"line":45,"column":16},"end":{"line":45,"column":51}},"19":{"start":{"line":46,"column":16},"end":{"line":48,"column":18}},"20":{"start":{"line":50,"column":16},"end":{"line":50,"column":45}},"21":{"start":{"line":52,"column":16},"end":{"line":52,"column":51}},"22":{"start":{"line":53,"column":16},"end":{"line":53,"column":49}},"23":{"start":{"line":55,"column":16},"end":{"line":55,"column":45}},"24":{"start":{"line":57,"column":16},"end":{"line":57,"column":51}},"25":{"start":{"line":63,"column":0},"end":{"line":65,"column":3}}},"fnMap":{"0":{"name":"(anonymous_1)","decl":{"start":{"line":10,"column":5},"end":{"line":10,"column":10}},"loc":{"start":{"line":10,"column":29},"end":{"line":61,"column":1}}},"1":{"name":"(anonymous_2)","decl":{"start":{"line":16,"column":25},"end":{"line":16,"column":30}},"loc":{"start":{"line":16,"column":56},"end":{"line":27,"column":5}}},"2":{"name":"(anonymous_3)","decl":{"start":{"line":29,"column":34},"end":{"line":29,"column":39}},"loc":{"start":{"line":29,"column":59},"end":{"line":60,"column":5}}}},"branchMap":{"0":{"loc":{"start":{"line":30,"column":8},"end":{"line":32,"column":9}},"type":"if","locations":[{"start":{"line":30,"column":8},"end":{"line":32,"column":9}}]},"1":{"loc":{"start":{"line":30,"column":12},"end":{"line":30,"column":60}},"type":"binary-expr","locations":[{"start":{"line":30,"column":12},"end":{"line":30,"column":35}},{"start":{"line":30,"column":39},"end":{"line":30,"column":60}}]},"2":{"loc":{"start":{"line":41,"column":8},"end":{"line":59,"column":9}},"type":"if","locations":[{"start":{"line":41,"column":8},"end":{"line":59,"column":9}}]}},"s":{"0":2,"1":2,"2":2,"3":2,"4":2,"5":0,"6":0,"7":0,"8":0,"9":2,"10":0,"11":0,"12":0,"13":0,"14":0,"15":0,"16":0,"17":0,"18":0,"19":0,"20":0,"21":0,"22":0,"23":0,"24":0,"25":2},"f":{"0":2,"1":0,"2":0},"b":{"0":[0],"1":[0,0],"2":[0]}}
,"/Users/marcinkondrat/Projects/DBD/packages/core/src/plugins/swagger.ts": {"path":"/Users/marcinkondrat/Projects/DBD/packages/core/src/plugins/swagger.ts","statementMap":{"0":{"start":{"line":2,"column":0},"end":{"line":2,"column":32}},"1":{"start":{"line":4,"column":0},"end":{"line":4,"column":45}},"2":{"start":{"line":6,"column":0},"end":{"line":6,"column":46}},"3":{"start":{"line":7,"column":0},"end":{"line":7,"column":51}},"4":{"start":{"line":8,"column":0},"end":{"line":8,"column":29}},"5":{"start":{"line":9,"column":0},"end":{"line":9,"column":30}},"6":{"start":{"line":11,"column":42},"end":{"line":46,"column":1}},"7":{"start":{"line":12,"column":4},"end":{"line":35,"column":7}},"8":{"start":{"line":37,"column":4},"end":{"line":45,"column":7}},"9":{"start":{"line":48,"column":0},"end":{"line":50,"column":3}}},"fnMap":{"0":{"name":"(anonymous_7)","decl":{"start":{"line":11,"column":42},"end":{"line":11,"column":47}},"loc":{"start":{"line":11,"column":66},"end":{"line":46,"column":1}}}},"branchMap":{},"s":{"0":2,"1":2,"2":2,"3":2,"4":2,"5":2,"6":2,"7":2,"8":2,"9":2},"f":{"0":2},"b":{}}
,"/Users/marcinkondrat/Projects/DBD/packages/core/src/routes/auth.ts": {"path":"/Users/marcinkondrat/Projects/DBD/packages/core/src/routes/auth.ts","statementMap":{"0":{"start":{"line":2,"column":0},"end":{"line":2,"column":32}},"1":{"start":{"line":4,"column":0},"end":{"line":4,"column":43}},"2":{"start":{"line":11,"column":5},"end":{"line":54,"column":1}},"3":{"start":{"line":12,"column":19},"end":{"line":16,"column":6}},"4":{"start":{"line":18,"column":4},"end":{"line":23,"column":7}},"5":{"start":{"line":19,"column":20},"end":{"line":21,"column":10}},"6":{"start":{"line":22,"column":8},"end":{"line":22,"column":28}},"7":{"start":{"line":25,"column":4},"end":{"line":51,"column":6}},"8":{"start":{"line":35,"column":29},"end":{"line":35,"column":42}},"9":{"start":{"line":36,"column":12},"end":{"line":36,"column":49}},"10":{"start":{"line":36,"column":23},"end":{"line":36,"column":49}},"11":{"start":{"line":38,"column":27},"end":{"line":42,"column":14}},"12":{"start":{"line":44,"column":12},"end":{"line":44,"column":44}},"13":{"start":{"line":45,"column":12},"end":{"line":45,"column":77}},"14":{"start":{"line":47,"column":12},"end":{"line":47,"column":41}},"15":{"start":{"line":49,"column":12},"end":{"line":49,"column":39}},"16":{"start":{"line":53,"column":4},"end":{"line":53,"column":11}},"17":{"start":{"line":56,"column":0},"end":{"line":58,"column":3}}},"fnMap":{"0":{"name":"(anonymous_1)","decl":{"start":{"line":11,"column":5},"end":{"line":11,"column":6}},"loc":{"start":{"line":11,"column":29},"end":{"line":54,"column":1}}},"1":{"name":"(anonymous_2)","decl":{"start":{"line":18,"column":34},"end":{"line":18,"column":35}},"loc":{"start":{"line":18,"column":53},"end":{"line":23,"column":5}}},"2":{"name":"(anonymous_3)","decl":{"start":{"line":27,"column":8},"end":{"line":27,"column":13}},"loc":{"start":{"line":34,"column":12},"end":{"line":50,"column":9}}}},"branchMap":{"0":{"loc":{"start":{"line":36,"column":12},"end":{"line":36,"column":49}},"type":"if","locations":[{"start":{"line":36,"column":12},"end":{"line":36,"column":49}}]}},"s":{"0":2,"1":2,"2":2,"3":2,"4":2,"5":0,"6":0,"7":2,"8":0,"9":0,"10":0,"11":0,"12":0,"13":0,"14":0,"15":0,"16":2,"17":2},"f":{"0":2,"1":0,"2":0},"b":{"0":[0]}}
,"/Users/marcinkondrat/Projects/DBD/packages/core/src/routes/guilds.ts": {"path":"/Users/marcinkondrat/Projects/DBD/packages/core/src/routes/guilds.ts","statementMap":{"0":{"start":{"line":2,"column":0},"end":{"line":2,"column":32}},"1":{"start":{"line":4,"column":0},"end":{"line":4,"column":49}},"2":{"start":{"line":12,"column":0},"end":{"line":12,"column":55}},"3":{"start":{"line":14,"column":24},"end":{"line":20,"column":1}},"4":{"start":{"line":17,"column":16},"end":{"line":17,"column":58}},"5":{"start":{"line":18,"column":20},"end":{"line":18,"column":62}},"6":{"start":{"line":19,"column":4},"end":{"line":19,"column":63}},"7":{"start":{"line":22,"column":26},"end":{"line":29,"column":1}},"8":{"start":{"line":26,"column":16},"end":{"line":26,"column":76}},"9":{"start":{"line":27,"column":20},"end":{"line":27,"column":62}},"10":{"start":{"line":28,"column":4},"end":{"line":28,"column":59}},"11":{"start":{"line":31,"column":35},"end":{"line":37,"column":1}},"12":{"start":{"line":35,"column":24},"end":{"line":35,"column":72}},"13":{"start":{"line":36,"column":4},"end":{"line":36,"column":45}},"14":{"start":{"line":42,"column":5},"end":{"line":90,"column":1}},"15":{"start":{"line":43,"column":4},"end":{"line":66,"column":7}},"16":{"start":{"line":44,"column":8},"end":{"line":44,"column":74}},"17":{"start":{"line":44,"column":37},"end":{"line":44,"column":74}},"18":{"start":{"line":46,"column":23},"end":{"line":47,"column":null}},"19":{"start":{"line":50,"column":33},"end":{"line":62,"column":null}},"20":{"start":{"line":52,"column":16},"end":{"line":61,"column":17}},"21":{"start":{"line":53,"column":43},"end":{"line":55,"column":null}},"22":{"start":{"line":58,"column":20},"end":{"line":58,"column":51}},"23":{"start":{"line":60,"column":20},"end":{"line":60,"column":32}},"24":{"start":{"line":65,"column":8},"end":{"line":65,"column":71}},"25":{"start":{"line":65,"column":61},"end":{"line":65,"column":68}},"26":{"start":{"line":68,"column":4},"end":{"line":87,"column":6}},"27":{"start":{"line":78,"column":12},"end":{"line":78,"column":74}},"28":{"start":{"line":78,"column":39},"end":{"line":78,"column":74}},"29":{"start":{"line":79,"column":33},"end":{"line":79,"column":47}},"30":{"start":{"line":81,"column":32},"end":{"line":83,"column":null}},"31":{"start":{"line":85,"column":12},"end":{"line":85,"column":43}},"32":{"start":{"line":89,"column":4},"end":{"line":89,"column":11}},"33":{"start":{"line":92,"column":0},"end":{"line":94,"column":3}}},"fnMap":{"0":{"name":"(anonymous_1)","decl":{"start":{"line":14,"column":24},"end":{"line":14,"column":29}},"loc":{"start":{"line":16,"column":30},"end":{"line":20,"column":1}}},"1":{"name":"(anonymous_2)","decl":{"start":{"line":22,"column":26},"end":{"line":22,"column":31}},"loc":{"start":{"line":25,"column":26},"end":{"line":29,"column":1}}},"2":{"name":"(anonymous_3)","decl":{"start":{"line":31,"column":35},"end":{"line":31,"column":null}},"loc":{"start":{"line":34,"column":4},"end":{"line":37,"column":1}}},"3":{"name":"(anonymous_4)","decl":{"start":{"line":42,"column":5},"end":{"line":42,"column":6}},"loc":{"start":{"line":42,"column":29},"end":{"line":90,"column":1}}},"4":{"name":"(anonymous_5)","decl":{"start":{"line":43,"column":29},"end":{"line":43,"column":34}},"loc":{"start":{"line":43,"column":54},"end":{"line":66,"column":5}}},"5":{"name":"(anonymous_6)","decl":{"start":{"line":51,"column":23},"end":{"line":51,"column":28}},"loc":{"start":{"line":51,"column":54},"end":{"line":62,"column":13}}},"6":{"name":"(anonymous_7)","decl":{"start":{"line":65,"column":50},"end":{"line":65,"column":51}},"loc":{"start":{"line":65,"column":61},"end":{"line":65,"column":68}}},"7":{"name":"(anonymous_8)","decl":{"start":{"line":70,"column":8},"end":{"line":70,"column":13}},"loc":{"start":{"line":77,"column":34},"end":{"line":86,"column":9}}}},"branchMap":{"0":{"loc":{"start":{"line":44,"column":8},"end":{"line":44,"column":74}},"type":"if","locations":[{"start":{"line":44,"column":8},"end":{"line":44,"column":74}}]},"1":{"loc":{"start":{"line":58,"column":27},"end":{"line":58,"column":50}},"type":"binary-expr","locations":[{"start":{"line":58,"column":27},"end":{"line":58,"column":41}},{"start":{"line":58,"column":45},"end":{"line":58,"column":50}}]},"2":{"loc":{"start":{"line":78,"column":12},"end":{"line":78,"column":74}},"type":"if","locations":[{"start":{"line":78,"column":12},"end":{"line":78,"column":74}}]}},"s":{"0":2,"1":2,"2":2,"3":2,"4":0,"5":0,"6":0,"7":2,"8":0,"9":0,"10":0,"11":2,"12":0,"13":0,"14":2,"15":2,"16":0,"17":0,"18":0,"19":0,"20":0,"21":0,"22":0,"23":0,"24":0,"25":0,"26":2,"27":0,"28":0,"29":0,"30":0,"31":0,"32":2,"33":2},"f":{"0":0,"1":0,"2":0,"3":2,"4":0,"5":0,"6":0,"7":0},"b":{"0":[0],"1":[0,0],"2":[0]}}
,"/Users/marcinkondrat/Projects/DBD/packages/core/src/routes/options/guild.ts": {"path":"/Users/marcinkondrat/Projects/DBD/packages/core/src/routes/options/guild.ts","statementMap":{"0":{"start":{"line":1,"column":0},"end":{"line":1,"column":32}},"1":{"start":{"line":19,"column":5},"end":{"line":214,"column":1}},"2":{"start":{"line":20,"column":4},"end":{"line":119,"column":6}},"3":{"start":{"line":30,"column":12},"end":{"line":30,"column":74}},"4":{"start":{"line":30,"column":39},"end":{"line":30,"column":74}},"5":{"start":{"line":31,"column":28},"end":{"line":31,"column":51}},"6":{"start":{"line":32,"column":33},"end":{"line":32,"column":47}},"7":{"start":{"line":40,"column":42},"end":{"line":40,"column":44}},"8":{"start":{"line":42,"column":34},"end":{"line":109,"column":14}},"9":{"start":{"line":43,"column":41},"end":{"line":45,"column":null}},"10":{"start":{"line":47,"column":16},"end":{"line":52,"column":17}},"11":{"start":{"line":51,"column":20},"end":{"line":51,"column":32}},"12":{"start":{"line":54,"column":50},"end":{"line":64,"column":18}},"13":{"start":{"line":66,"column":39},"end":{"line":102,"column":18}},"14":{"start":{"line":67,"column":46},"end":{"line":69,"column":null}},"15":{"start":{"line":71,"column":20},"end":{"line":92,"column":21}},"16":{"start":{"line":72,"column":24},"end":{"line":72,"column":75}},"17":{"start":{"line":72,"column":63},"end":{"line":72,"column":75}},"18":{"start":{"line":74,"column":65},"end":{"line":83,"column":26}},"19":{"start":{"line":85,"column":24},"end":{"line":89,"column":30}},"20":{"start":{"line":86,"column":28},"end":{"line":89,"column":30}},"21":{"start":{"line":91,"column":24},"end":{"line":91,"column":43}},"22":{"start":{"line":94,"column":61},"end":{"line":99,"column":22}},"23":{"start":{"line":101,"column":20},"end":{"line":101,"column":39}},"24":{"start":{"line":104,"column":16},"end":{"line":106,"column":18}},"25":{"start":{"line":105,"column":32},"end":{"line":105,"column":47}},"26":{"start":{"line":108,"column":16},"end":{"line":108,"column":34}},"27":{"start":{"line":111,"column":12},"end":{"line":115,"column":14}},"28":{"start":{"line":113,"column":31},"end":{"line":113,"column":45}},"29":{"start":{"line":117,"column":12},"end":{"line":117,"column":24}},"30":{"start":{"line":121,"column":4},"end":{"line":211,"column":6}},"31":{"start":{"line":132,"column":12},"end":{"line":132,"column":74}},"32":{"start":{"line":132,"column":39},"end":{"line":132,"column":74}},"33":{"start":{"line":133,"column":28},"end":{"line":133,"column":51}},"34":{"start":{"line":134,"column":33},"end":{"line":134,"column":47}},"35":{"start":{"line":135,"column":31},"end":{"line":135,"column":43}},"36":{"start":{"line":137,"column":57},"end":{"line":137,"column":59}},"37":{"start":{"line":139,"column":34},"end":{"line":196,"column":14}},"38":{"start":{"line":140,"column":30},"end":{"line":140,"column":79}},"39":{"start":{"line":140,"column":55},"end":{"line":140,"column":78}},"40":{"start":{"line":141,"column":16},"end":{"line":144,"column":22}},"41":{"start":{"line":142,"column":20},"end":{"line":144,"column":22}},"42":{"start":{"line":146,"column":41},"end":{"line":148,"column":null}},"43":{"start":{"line":150,"column":16},"end":{"line":151,"column":68}},"44":{"start":{"line":151,"column":20},"end":{"line":151,"column":68}},"45":{"start":{"line":153,"column":39},"end":{"line":182,"column":null}},"46":{"start":{"line":155,"column":39},"end":{"line":156,"column":null}},"47":{"start":{"line":156,"column":35},"end":{"line":156,"column":59}},"48":{"start":{"line":158,"column":24},"end":{"line":161,"column":30}},"49":{"start":{"line":159,"column":28},"end":{"line":161,"column":30}},"50":{"start":{"line":163,"column":24},"end":{"line":164,"column":76}},"51":{"start":{"line":164,"column":28},"end":{"line":164,"column":76}},"52":{"start":{"line":166,"column":50},"end":{"line":168,"column":null}},"53":{"start":{"line":170,"column":24},"end":{"line":171,"column":77}},"54":{"start":{"line":171,"column":28},"end":{"line":171,"column":77}},"55":{"start":{"line":173,"column":24},"end":{"line":181,"column":25}},"56":{"start":{"line":174,"column":28},"end":{"line":178,"column":30}},"57":{"start":{"line":180,"column":28},"end":{"line":180,"column":60}},"58":{"start":{"line":185,"column":38},"end":{"line":185,"column":78}},"59":{"start":{"line":186,"column":37},"end":{"line":187,"column":null}},"60":{"start":{"line":187,"column":32},"end":{"line":187,"column":60}},"61":{"start":{"line":190,"column":16},"end":{"line":195,"column":17}},"62":{"start":{"line":191,"column":20},"end":{"line":194,"column":24}},"63":{"start":{"line":191,"column":74},"end":{"line":194,"column":22}},"64":{"start":{"line":198,"column":33},"end":{"line":198,"column":72}},"65":{"start":{"line":199,"column":32},"end":{"line":200,"column":null}},"66":{"start":{"line":200,"column":28},"end":{"line":200,"column":56}},"67":{"start":{"line":203,"column":12},"end":{"line":207,"column":15}},"68":{"start":{"line":204,"column":32},"end":{"line":204,"column":52}},"69":{"start":{"line":205,"column":16},"end":{"line":205,"column":68}},"70":{"start":{"line":206,"column":16},"end":{"line":206,"column":68}},"71":{"start":{"line":209,"column":12},"end":{"line":209,"column":32}},"72":{"start":{"line":213,"column":4},"end":{"line":213,"column":11}},"73":{"start":{"line":216,"column":0},"end":{"line":218,"column":3}}},"fnMap":{"0":{"name":"(anonymous_1)","decl":{"start":{"line":19,"column":5},"end":{"line":19,"column":6}},"loc":{"start":{"line":19,"column":29},"end":{"line":214,"column":1}}},"1":{"name":"(anonymous_2)","decl":{"start":{"line":22,"column":8},"end":{"line":22,"column":13}},"loc":{"start":{"line":29,"column":38},"end":{"line":118,"column":9}}},"2":{"name":"(anonymous_3)","decl":{"start":{"line":42,"column":51},"end":{"line":42,"column":56}},"loc":{"start":{"line":42,"column":67},"end":{"line":109,"column":13}}},"3":{"name":"(anonymous_4)","decl":{"start":{"line":66,"column":57},"end":{"line":66,"column":62}},"loc":{"start":{"line":66,"column":74},"end":{"line":102,"column":17}}},"4":{"name":"(anonymous_5)","decl":{"start":{"line":105,"column":20},"end":{"line":105,"column":21}},"loc":{"start":{"line":105,"column":32},"end":{"line":105,"column":47}}},"5":{"name":"(anonymous_6)","decl":{"start":{"line":113,"column":20},"end":{"line":113,"column":21}},"loc":{"start":{"line":113,"column":31},"end":{"line":113,"column":45}}},"6":{"name":"(anonymous_7)","decl":{"start":{"line":123,"column":8},"end":{"line":123,"column":13}},"loc":{"start":{"line":131,"column":45},"end":{"line":210,"column":9}}},"7":{"name":"(anonymous_8)","decl":{"start":{"line":139,"column":49},"end":{"line":139,"column":54}},"loc":{"start":{"line":139,"column":71},"end":{"line":196,"column":13}}},"8":{"name":"(anonymous_9)","decl":{"start":{"line":140,"column":48},"end":{"line":140,"column":49}},"loc":{"start":{"line":140,"column":55},"end":{"line":140,"column":78}}},"9":{"name":"(anonymous_10)","decl":{"start":{"line":154,"column":20},"end":{"line":154,"column":25}},"loc":{"start":{"line":154,"column":43},"end":{"line":182,"column":21}}},"10":{"name":"(anonymous_11)","decl":{"start":{"line":156,"column":28},"end":{"line":156,"column":29}},"loc":{"start":{"line":156,"column":35},"end":{"line":156,"column":59}}},"11":{"name":"(anonymous_12)","decl":{"start":{"line":187,"column":20},"end":{"line":187,"column":21}},"loc":{"start":{"line":187,"column":32},"end":{"line":187,"column":60}}},"12":{"name":"(anonymous_13)","decl":{"start":{"line":191,"column":62},"end":{"line":191,"column":63}},"loc":{"start":{"line":191,"column":74},"end":{"line":194,"column":22}}},"13":{"name":"(anonymous_14)","decl":{"start":{"line":200,"column":16},"end":{"line":200,"column":17}},"loc":{"start":{"line":200,"column":28},"end":{"line":200,"column":56}}},"14":{"name":"(anonymous_15)","decl":{"start":{"line":203,"column":32},"end":{"line":203,"column":33}},"loc":{"start":{"line":203,"column":49},"end":{"line":207,"column":13}}}},"branchMap":{"0":{"loc":{"start":{"line":30,"column":12},"end":{"line":30,"column":74}},"type":"if","locations":[{"start":{"line":30,"column":12},"end":{"line":30,"column":74}}]},"1":{"loc":{"start":{"line":47,"column":16},"end":{"line":52,"column":17}},"type":"if","locations":[{"start":{"line":47,"column":16},"end":{"line":52,"column":17}}]},"2":{"loc":{"start":{"line":48,"column":20},"end":{"line":49,"column":52}},"type":"binary-expr","locations":[{"start":{"line":48,"column":20},"end":{"line":48,"column":45}},{"start":{"line":49,"column":20},"end":{"line":49,"column":52}}]},"3":{"loc":{"start":{"line":57,"column":30},"end":{"line":62,"column":null}},"type":"cond-expr","locations":[{"start":{"line":58,"column":26},"end":{"line":58,"column":35}},{"start":{"line":59,"column":26},"end":{"line":62,"column":null}}]},"4":{"loc":{"start":{"line":71,"column":20},"end":{"line":92,"column":21}},"type":"if","locations":[{"start":{"line":71,"column":20},"end":{"line":92,"column":21}}]},"5":{"loc":{"start":{"line":72,"column":24},"end":{"line":72,"column":75}},"type":"if","locations":[{"start":{"line":72,"column":24},"end":{"line":72,"column":75}}]},"6":{"loc":{"start":{"line":85,"column":24},"end":{"line":89,"column":30}},"type":"if","locations":[{"start":{"line":85,"column":24},"end":{"line":89,"column":30}}]},"7":{"loc":{"start":{"line":132,"column":12},"end":{"line":132,"column":74}},"type":"if","locations":[{"start":{"line":132,"column":12},"end":{"line":132,"column":74}}]},"8":{"loc":{"start":{"line":141,"column":16},"end":{"line":144,"column":22}},"type":"if","locations":[{"start":{"line":141,"column":16},"end":{"line":144,"column":22}}]},"9":{"loc":{"start":{"line":150,"column":16},"end":{"line":151,"column":68}},"type":"if","locations":[{"start":{"line":150,"column":16},"end":{"line":151,"column":68}}]},"10":{"loc":{"start":{"line":158,"column":24},"end":{"line":161,"column":30}},"type":"if","locations":[{"start":{"line":158,"column":24},"end":{"line":161,"column":30}}]},"11":{"loc":{"start":{"line":163,"column":24},"end":{"line":164,"column":76}},"type":"if","locations":[{"start":{"line":163,"column":24},"end":{"line":164,"column":76}}]},"12":{"loc":{"start":{"line":170,"column":24},"end":{"line":171,"column":77}},"type":"if","locations":[{"start":{"line":170,"column":24},"end":{"line":171,"column":77}}]},"13":{"loc":{"start":{"line":190,"column":16},"end":{"line":195,"column":17}},"type":"if","locations":[{"start":{"line":190,"column":16},"end":{"line":195,"column":17}}]},"14":{"loc":{"start":{"line":205,"column":40},"end":{"line":205,"column":67}},"type":"binary-expr","locations":[{"start":{"line":205,"column":40},"end":{"line":205,"column":61}},{"start":{"line":205,"column":65},"end":{"line":205,"column":67}}]}},"s":{"0":2,"1":2,"2":2,"3":0,"4":0,"5":0,"6":0,"7":0,"8":0,"9":0,"10":0,"11":0,"12":0,"13":0,"14":0,"15":0,"16":0,"17":0,"18":0,"19":0,"20":0,"21":0,"22":0,"23":0,"24":0,"25":0,"26":0,"27":0,"28":0,"29":0,"30":2,"31":0,"32":0,"33":0,"34":0,"35":0,"36":0,"37":0,"38":0,"39":0,"40":0,"41":0,"42":0,"43":0,"44":0,"45":0,"46":0,"47":0,"48":0,"49":0,"50":0,"51":0,"52":0,"53":0,"54":0,"55":0,"56":0,"57":0,"58":0,"59":0,"60":0,"61":0,"62":0,"63":0,"64":0,"65":0,"66":0,"67":0,"68":0,"69":0,"70":0,"71":0,"72":2,"73":2},"f":{"0":2,"1":0,"2":0,"3":0,"4":0,"5":0,"6":0,"7":0,"8":0,"9":0,"10":0,"11":0,"12":0,"13":0,"14":0},"b":{"0":[0],"1":[0],"2":[0,0],"3":[0,0],"4":[0],"5":[0],"6":[0],"7":[0],"8":[0],"9":[0],"10":[0],"11":[0],"12":[0],"13":[0],"14":[0,0]}}
,"/Users/marcinkondrat/Projects/DBD/packages/core/src/routes/options/user.ts": {"path":"/Users/marcinkondrat/Projects/DBD/packages/core/src/routes/options/user.ts","statementMap":{"0":{"start":{"line":1,"column":0},"end":{"line":1,"column":32}},"1":{"start":{"line":18,"column":5},"end":{"line":178,"column":1}},"2":{"start":{"line":19,"column":4},"end":{"line":97,"column":6}},"3":{"start":{"line":22,"column":12},"end":{"line":22,"column":74}},"4":{"start":{"line":22,"column":39},"end":{"line":22,"column":74}},"5":{"start":{"line":23,"column":28},"end":{"line":23,"column":51}},"6":{"start":{"line":25,"column":42},"end":{"line":25,"column":44}},"7":{"start":{"line":27,"column":34},"end":{"line":87,"column":14}},"8":{"start":{"line":28,"column":41},"end":{"line":28,"column":71}},"9":{"start":{"line":29,"column":16},"end":{"line":34,"column":17}},"10":{"start":{"line":33,"column":20},"end":{"line":33,"column":32}},"11":{"start":{"line":36,"column":50},"end":{"line":46,"column":18}},"12":{"start":{"line":48,"column":39},"end":{"line":80,"column":18}},"13":{"start":{"line":49,"column":38},"end":{"line":49,"column":69}},"14":{"start":{"line":50,"column":20},"end":{"line":70,"column":21}},"15":{"start":{"line":51,"column":24},"end":{"line":51,"column":67}},"16":{"start":{"line":51,"column":55},"end":{"line":51,"column":67}},"17":{"start":{"line":52,"column":65},"end":{"line":61,"column":26}},"18":{"start":{"line":63,"column":24},"end":{"line":67,"column":30}},"19":{"start":{"line":64,"column":28},"end":{"line":67,"column":30}},"20":{"start":{"line":69,"column":24},"end":{"line":69,"column":43}},"21":{"start":{"line":72,"column":61},"end":{"line":77,"column":22}},"22":{"start":{"line":79,"column":20},"end":{"line":79,"column":39}},"23":{"start":{"line":82,"column":16},"end":{"line":84,"column":18}},"24":{"start":{"line":83,"column":32},"end":{"line":83,"column":47}},"25":{"start":{"line":86,"column":16},"end":{"line":86,"column":34}},"26":{"start":{"line":89,"column":12},"end":{"line":93,"column":14}},"27":{"start":{"line":91,"column":31},"end":{"line":91,"column":45}},"28":{"start":{"line":95,"column":12},"end":{"line":95,"column":24}},"29":{"start":{"line":99,"column":4},"end":{"line":175,"column":6}},"30":{"start":{"line":107,"column":12},"end":{"line":107,"column":74}},"31":{"start":{"line":107,"column":39},"end":{"line":107,"column":74}},"32":{"start":{"line":108,"column":28},"end":{"line":108,"column":51}},"33":{"start":{"line":109,"column":31},"end":{"line":109,"column":43}},"34":{"start":{"line":111,"column":57},"end":{"line":111,"column":59}},"35":{"start":{"line":113,"column":34},"end":{"line":160,"column":14}},"36":{"start":{"line":114,"column":30},"end":{"line":114,"column":79}},"37":{"start":{"line":114,"column":55},"end":{"line":114,"column":78}},"38":{"start":{"line":115,"column":16},"end":{"line":118,"column":22}},"39":{"start":{"line":116,"column":20},"end":{"line":118,"column":22}},"40":{"start":{"line":120,"column":41},"end":{"line":120,"column":71}},"41":{"start":{"line":121,"column":16},"end":{"line":122,"column":68}},"42":{"start":{"line":122,"column":20},"end":{"line":122,"column":68}},"43":{"start":{"line":124,"column":39},"end":{"line":146,"column":null}},"44":{"start":{"line":126,"column":39},"end":{"line":127,"column":null}},"45":{"start":{"line":127,"column":35},"end":{"line":127,"column":59}},"46":{"start":{"line":129,"column":24},"end":{"line":132,"column":30}},"47":{"start":{"line":130,"column":28},"end":{"line":132,"column":30}},"48":{"start":{"line":134,"column":24},"end":{"line":135,"column":76}},"49":{"start":{"line":135,"column":28},"end":{"line":135,"column":76}},"50":{"start":{"line":137,"column":42},"end":{"line":137,"column":73}},"51":{"start":{"line":138,"column":24},"end":{"line":139,"column":69}},"52":{"start":{"line":139,"column":28},"end":{"line":139,"column":69}},"53":{"start":{"line":141,"column":24},"end":{"line":145,"column":25}},"54":{"start":{"line":142,"column":28},"end":{"line":142,"column":74}},"55":{"start":{"line":144,"column":28},"end":{"line":144,"column":60}},"56":{"start":{"line":149,"column":38},"end":{"line":149,"column":78}},"57":{"start":{"line":150,"column":37},"end":{"line":151,"column":null}},"58":{"start":{"line":151,"column":32},"end":{"line":151,"column":60}},"59":{"start":{"line":154,"column":16},"end":{"line":159,"column":17}},"60":{"start":{"line":155,"column":20},"end":{"line":158,"column":24}},"61":{"start":{"line":155,"column":74},"end":{"line":158,"column":22}},"62":{"start":{"line":162,"column":33},"end":{"line":162,"column":72}},"63":{"start":{"line":163,"column":32},"end":{"line":164,"column":null}},"64":{"start":{"line":164,"column":28},"end":{"line":164,"column":56}},"65":{"start":{"line":167,"column":12},"end":{"line":171,"column":15}},"66":{"start":{"line":168,"column":32},"end":{"line":168,"column":52}},"67":{"start":{"line":169,"column":16},"end":{"line":169,"column":68}},"68":{"start":{"line":170,"column":16},"end":{"line":170,"column":68}},"69":{"start":{"line":173,"column":12},"end":{"line":173,"column":32}},"70":{"start":{"line":177,"column":4},"end":{"line":177,"column":11}},"71":{"start":{"line":180,"column":0},"end":{"line":182,"column":3}}},"fnMap":{"0":{"name":"(anonymous_1)","decl":{"start":{"line":18,"column":5},"end":{"line":18,"column":6}},"loc":{"start":{"line":18,"column":29},"end":{"line":178,"column":1}}},"1":{"name":"(anonymous_2)","decl":{"start":{"line":21,"column":8},"end":{"line":21,"column":13}},"loc":{"start":{"line":21,"column":59},"end":{"line":96,"column":9}}},"2":{"name":"(anonymous_3)","decl":{"start":{"line":27,"column":51},"end":{"line":27,"column":56}},"loc":{"start":{"line":27,"column":67},"end":{"line":87,"column":13}}},"3":{"name":"(anonymous_4)","decl":{"start":{"line":48,"column":57},"end":{"line":48,"column":62}},"loc":{"start":{"line":48,"column":74},"end":{"line":80,"column":17}}},"4":{"name":"(anonymous_5)","decl":{"start":{"line":83,"column":20},"end":{"line":83,"column":21}},"loc":{"start":{"line":83,"column":32},"end":{"line":83,"column":47}}},"5":{"name":"(anonymous_6)","decl":{"start":{"line":91,"column":20},"end":{"line":91,"column":21}},"loc":{"start":{"line":91,"column":31},"end":{"line":91,"column":45}}},"6":{"name":"(anonymous_7)","decl":{"start":{"line":101,"column":8},"end":{"line":101,"column":13}},"loc":{"start":{"line":106,"column":45},"end":{"line":174,"column":9}}},"7":{"name":"(anonymous_8)","decl":{"start":{"line":113,"column":49},"end":{"line":113,"column":54}},"loc":{"start":{"line":113,"column":71},"end":{"line":160,"column":13}}},"8":{"name":"(anonymous_9)","decl":{"start":{"line":114,"column":48},"end":{"line":114,"column":49}},"loc":{"start":{"line":114,"column":55},"end":{"line":114,"column":78}}},"9":{"name":"(anonymous_10)","decl":{"start":{"line":125,"column":20},"end":{"line":125,"column":25}},"loc":{"start":{"line":125,"column":43},"end":{"line":146,"column":21}}},"10":{"name":"(anonymous_11)","decl":{"start":{"line":127,"column":28},"end":{"line":127,"column":29}},"loc":{"start":{"line":127,"column":35},"end":{"line":127,"column":59}}},"11":{"name":"(anonymous_12)","decl":{"start":{"line":151,"column":20},"end":{"line":151,"column":21}},"loc":{"start":{"line":151,"column":32},"end":{"line":151,"column":60}}},"12":{"name":"(anonymous_13)","decl":{"start":{"line":155,"column":62},"end":{"line":155,"column":63}},"loc":{"start":{"line":155,"column":74},"end":{"line":158,"column":22}}},"13":{"name":"(anonymous_14)","decl":{"start":{"line":164,"column":16},"end":{"line":164,"column":17}},"loc":{"start":{"line":164,"column":28},"end":{"line":164,"column":56}}},"14":{"name":"(anonymous_15)","decl":{"start":{"line":167,"column":32},"end":{"line":167,"column":33}},"loc":{"start":{"line":167,"column":49},"end":{"line":171,"column":13}}}},"branchMap":{"0":{"loc":{"start":{"line":22,"column":12},"end":{"line":22,"column":74}},"type":"if","locations":[{"start":{"line":22,"column":12},"end":{"line":22,"column":74}}]},"1":{"loc":{"start":{"line":29,"column":16},"end":{"line":34,"column":17}},"type":"if","locations":[{"start":{"line":29,"column":16},"end":{"line":34,"column":17}}]},"2":{"loc":{"start":{"line":30,"column":20},"end":{"line":31,"column":52}},"type":"binary-expr","locations":[{"start":{"line":30,"column":20},"end":{"line":30,"column":45}},{"start":{"line":31,"column":20},"end":{"line":31,"column":52}}]},"3":{"loc":{"start":{"line":39,"column":30},"end":{"line":44,"column":null}},"type":"cond-expr","locations":[{"start":{"line":40,"column":26},"end":{"line":40,"column":35}},{"start":{"line":41,"column":26},"end":{"line":44,"column":null}}]},"4":{"loc":{"start":{"line":50,"column":20},"end":{"line":70,"column":21}},"type":"if","locations":[{"start":{"line":50,"column":20},"end":{"line":70,"column":21}}]},"5":{"loc":{"start":{"line":51,"column":24},"end":{"line":51,"column":67}},"type":"if","locations":[{"start":{"line":51,"column":24},"end":{"line":51,"column":67}}]},"6":{"loc":{"start":{"line":63,"column":24},"end":{"line":67,"column":30}},"type":"if","locations":[{"start":{"line":63,"column":24},"end":{"line":67,"column":30}}]},"7":{"loc":{"start":{"line":107,"column":12},"end":{"line":107,"column":74}},"type":"if","locations":[{"start":{"line":107,"column":12},"end":{"line":107,"column":74}}]},"8":{"loc":{"start":{"line":115,"column":16},"end":{"line":118,"column":22}},"type":"if","locations":[{"start":{"line":115,"column":16},"end":{"line":118,"column":22}}]},"9":{"loc":{"start":{"line":121,"column":16},"end":{"line":122,"column":68}},"type":"if","locations":[{"start":{"line":121,"column":16},"end":{"line":122,"column":68}}]},"10":{"loc":{"start":{"line":129,"column":24},"end":{"line":132,"column":30}},"type":"if","locations":[{"start":{"line":129,"column":24},"end":{"line":132,"column":30}}]},"11":{"loc":{"start":{"line":134,"column":24},"end":{"line":135,"column":76}},"type":"if","locations":[{"start":{"line":134,"column":24},"end":{"line":135,"column":76}}]},"12":{"loc":{"start":{"line":138,"column":24},"end":{"line":139,"column":69}},"type":"if","locations":[{"start":{"line":138,"column":24},"end":{"line":139,"column":69}}]},"13":{"loc":{"start":{"line":154,"column":16},"end":{"line":159,"column":17}},"type":"if","locations":[{"start":{"line":154,"column":16},"end":{"line":159,"column":17}}]},"14":{"loc":{"start":{"line":169,"column":40},"end":{"line":169,"column":67}},"type":"binary-expr","locations":[{"start":{"line":169,"column":40},"end":{"line":169,"column":61}},{"start":{"line":169,"column":65},"end":{"line":169,"column":67}}]}},"s":{"0":2,"1":2,"2":2,"3":0,"4":0,"5":0,"6":0,"7":0,"8":0,"9":0,"10":0,"11":0,"12":0,"13":0,"14":0,"15":0,"16":0,"17":0,"18":0,"19":0,"20":0,"21":0,"22":0,"23":0,"24":0,"25":0,"26":0,"27":0,"28":0,"29":2,"30":0,"31":0,"32":0,"33":0,"34":0,"35":0,"36":0,"37":0,"38":0,"39":0,"40":0,"41":0,"42":0,"43":0,"44":0,"45":0,"46":0,"47":0,"48":0,"49":0,"50":0,"51":0,"52":0,"53":0,"54":0,"55":0,"56":0,"57":0,"58":0,"59":0,"60":0,"61":0,"62":0,"63":0,"64":0,"65":0,"66":0,"67":0,"68":0,"69":0,"70":2,"71":2},"f":{"0":2,"1":0,"2":0,"3":0,"4":0,"5":0,"6":0,"7":0,"8":0,"9":0,"10":0,"11":0,"12":0,"13":0,"14":0},"b":{"0":[0],"1":[0],"2":[0,0],"3":[0,0],"4":[0],"5":[0],"6":[0],"7":[0],"8":[0],"9":[0],"10":[0],"11":[0],"12":[0],"13":[0],"14":[0,0]}}
,"/Users/marcinkondrat/Projects/DBD/packages/core/src/wrappers/cache-wrapper.ts": {"path":"/Users/marcinkondrat/Projects/DBD/packages/core/src/wrappers/cache-wrapper.ts","statementMap":{"0":{"start":{"line":1,"column":0},"end":{"line":1,"column":57}},"1":{"start":{"line":19,"column":39},"end":{"line":19,"column":48}},"2":{"start":{"line":21,"column":23},"end":{"line":73,"column":1}},"3":{"start":{"line":25,"column":23},"end":{"line":25,"column":37}},"4":{"start":{"line":27,"column":4},"end":{"line":30,"column":5}},"5":{"start":{"line":29,"column":8},"end":{"line":29,"column":31}},"6":{"start":{"line":32,"column":4},"end":{"line":72,"column":5}},"7":{"start":{"line":33,"column":43},"end":{"line":33,"column":79}},"8":{"start":{"line":35,"column":45},"end":{"line":43,"column":10}},"9":{"start":{"line":46,"column":26},"end":{"line":46,"column":70}},"10":{"start":{"line":48,"column":8},"end":{"line":52,"column":11}},"11":{"start":{"line":54,"column":8},"end":{"line":54,"column":29}},"12":{"start":{"line":56,"column":8},"end":{"line":71,"column":9}},"13":{"start":{"line":57,"column":12},"end":{"line":64,"column":13}},"14":{"start":{"line":59,"column":16},"end":{"line":59,"column":80}},"15":{"start":{"line":61,"column":16},"end":{"line":63,"column":18}},"16":{"start":{"line":65,"column":15},"end":{"line":71,"column":9}},"17":{"start":{"line":67,"column":12},"end":{"line":67,"column":43}},"18":{"start":{"line":70,"column":12},"end":{"line":70,"column":57}},"19":{"start":{"line":75,"column":0},"end":{"line":75,"column":30}}},"fnMap":{"0":{"name":"(anonymous_6)","decl":{"start":{"line":21,"column":23},"end":{"line":21,"column":28}},"loc":{"start":{"line":24,"column":16},"end":{"line":73,"column":1}}}},"branchMap":{"0":{"loc":{"start":{"line":27,"column":4},"end":{"line":30,"column":5}},"type":"if","locations":[{"start":{"line":27,"column":4},"end":{"line":30,"column":5}}]},"1":{"loc":{"start":{"line":27,"column":8},"end":{"line":27,"column":55}},"type":"binary-expr","locations":[{"start":{"line":27,"column":8},"end":{"line":27,"column":18}},{"start":{"line":27,"column":22},"end":{"line":27,"column":55}}]},"2":{"loc":{"start":{"line":56,"column":8},"end":{"line":71,"column":9}},"type":"if","locations":[{"start":{"line":56,"column":8},"end":{"line":71,"column":9}},{"start":{"line":65,"column":15},"end":{"line":71,"column":9}}]},"3":{"loc":{"start":{"line":57,"column":12},"end":{"line":64,"column":13}},"type":"if","locations":[{"start":{"line":57,"column":12},"end":{"line":64,"column":13}},{"start":{"line":60,"column":19},"end":{"line":64,"column":13}}]},"4":{"loc":{"start":{"line":65,"column":15},"end":{"line":71,"column":9}},"type":"if","locations":[{"start":{"line":65,"column":15},"end":{"line":71,"column":9}},{"start":{"line":68,"column":15},"end":{"line":71,"column":9}}]}},"s":{"0":2,"1":2,"2":2,"3":0,"4":0,"5":0,"6":0,"7":0,"8":0,"9":0,"10":0,"11":0,"12":0,"13":0,"14":0,"15":0,"16":0,"17":0,"18":0,"19":2},"f":{"0":0},"b":{"0":[0],"1":[0,0],"2":[0,0],"3":[0,0],"4":[0,0]}}
,"/Users/marcinkondrat/Projects/DBD/packages/core/tests/configs/default/discord-dashboard.config.ts": {"path":"/Users/marcinkondrat/Projects/DBD/packages/core/tests/configs/default/discord-dashboard.config.ts","statementMap":{"0":{"start":{"line":2,"column":0},"end":{"line":4,"column":3}},"1":{"start":{"line":24,"column":23},"end":{"line":49,"column":1}}},"fnMap":{},"branchMap":{},"s":{"0":2,"1":2},"f":{},"b":{},"_coverageSchema":"1a1c01bbd47fc00a2c39e90264f33305004495a9","hash":"e3db8fec0ec5cbd3d706500282a7be82753aad99"}
}
