TN:
SF:src/dashboard.ts
FN:24,(anonymous_1)
FN:41,(anonymous_2)
FN:46,(anonymous_3)
FN:51,(anonymous_4)
FN:56,(anonymous_5)
FN:68,(anonymous_6)
FN:97,(anonymous_7)
FN:101,(anonymous_8)
FN:112,(anonymous_9)
FNF:9
FNH:7
FNDA:2,(anonymous_1)
FNDA:0,(anonymous_2)
FNDA:1,(anonymous_3)
FNDA:0,(anonymous_4)
FNDA:2,(anonymous_5)
FNDA:2,(anonymous_6)
FNDA:2,(anonymous_7)
FNDA:2,(anonymous_8)
FNDA:2,(anonymous_9)
DA:1,2
DA:13,2
DA:14,2
DA:15,2
DA:18,2
DA:19,2
DA:20,2
DA:21,2
DA:25,2
DA:26,2
DA:29,2
DA:33,2
DA:42,0
DA:43,0
DA:47,1
DA:48,1
DA:52,0
DA:53,0
DA:57,2
DA:61,2
DA:65,2
DA:69,2
DA:80,2
DA:85,2
DA:91,2
DA:98,2
DA:102,2
DA:103,2
DA:104,2
DA:106,2
DA:113,2
DA:117,2
LF:32
LH:28
BRDA:73,0,0,0
BRDA:73,0,1,2
BRDA:73,1,0,2
BRDA:73,1,1,2
BRF:4
BRH:3
end_of_record
TN:
SF:src/index.ts
FNF:0
FNH:0
DA:1,2
DA:2,2
DA:3,2
DA:5,2
DA:7,2
LF:5
LH:5
BRF:0
BRH:0
end_of_record
TN:
SF:src/builders/FormOptionBuilders.ts
FNF:0
FNH:0
DA:1,2
DA:3,2
DA:7,2
DA:9,2
DA:13,2
LF:5
LH:5
BRF:0
BRH:0
end_of_record
TN:
SF:src/builders/GroupBuilders.ts
FNF:0
FNH:0
DA:1,2
DA:6,2
DA:11,2
LF:3
LH:3
BRF:0
BRH:0
end_of_record
TN:
SF:src/builders/StatusBuilders.ts
FN:8,(anonymous_0)
FN:13,(anonymous_1)
FN:22,(anonymous_2)
FN:27,(anonymous_3)
FNF:4
FNH:0
FNDA:0,(anonymous_0)
FNDA:0,(anonymous_1)
FNDA:0,(anonymous_2)
FNDA:0,(anonymous_3)
DA:7,2
DA:9,0
DA:14,0
DA:21,2
DA:23,0
DA:31,0
DA:41,2
LF:7
LH:3
BRF:0
BRH:0
end_of_record
TN:
SF:src/builders/guild/TextInput.ts
FN:3,(anonymous_0)
FNF:1
FNH:0
FNDA:0,(anonymous_0)
DA:1,2
DA:3,2
DA:4,0
LF:3
LH:2
BRF:0
BRH:0
end_of_record
TN:
SF:src/builders/user/TextInput.ts
FN:3,(anonymous_0)
FNF:1
FNH:1
FNDA:1,(anonymous_0)
DA:1,2
DA:3,2
DA:4,1
LF:3
LH:3
BRF:0
BRH:0
end_of_record
TN:
SF:src/plugins/authorization.ts
FN:23,(anonymous_1)
FNF:1
FNH:1
FNDA:2,(anonymous_1)
DA:6,2
DA:8,2
DA:9,2
DA:23,2
DA:24,2
DA:25,2
DA:34,2
LF:7
LH:7
BRF:0
BRH:0
end_of_record
TN:
SF:src/plugins/refresh-token.ts
FN:10,(anonymous_1)
FN:16,(anonymous_2)
FN:29,(anonymous_3)
FNF:3
FNH:1
FNDA:2,(anonymous_1)
FNDA:0,(anonymous_2)
FNDA:0,(anonymous_3)
DA:3,2
DA:5,2
DA:10,2
DA:11,2
DA:16,2
DA:17,0
DA:18,0
DA:24,0
DA:25,0
DA:29,2
DA:30,0
DA:31,0
DA:34,0
DA:36,0
DA:37,0
DA:41,0
DA:42,0
DA:43,0
DA:45,0
DA:46,0
DA:50,0
DA:52,0
DA:53,0
DA:55,0
DA:57,0
DA:63,2
LF:26
LH:7
BRDA:30,0,0,0
BRDA:30,1,0,0
BRDA:30,1,1,0
BRDA:41,2,0,0
BRF:4
BRH:0
end_of_record
TN:
SF:src/plugins/swagger.ts
FN:11,(anonymous_7)
FNF:1
FNH:1
FNDA:2,(anonymous_7)
DA:2,2
DA:4,2
DA:6,2
DA:7,2
DA:8,2
DA:9,2
DA:11,2
DA:12,2
DA:37,2
DA:48,2
LF:10
LH:10
BRF:0
BRH:0
end_of_record
TN:
SF:src/routes/auth.ts
FN:11,(anonymous_1)
FN:18,(anonymous_2)
FN:27,(anonymous_3)
FNF:3
FNH:1
FNDA:2,(anonymous_1)
FNDA:0,(anonymous_2)
FNDA:0,(anonymous_3)
DA:2,2
DA:4,2
DA:11,2
DA:12,2
DA:18,2
DA:19,0
DA:22,0
DA:25,2
DA:35,0
DA:36,0
DA:38,0
DA:44,0
DA:45,0
DA:47,0
DA:49,0
DA:53,2
DA:56,2
LF:17
LH:8
BRDA:36,0,0,0
BRF:1
BRH:0
end_of_record
TN:
SF:src/routes/guilds.ts
FN:14,(anonymous_1)
FN:22,(anonymous_2)
FN:31,(anonymous_3)
FN:42,(anonymous_4)
FN:43,(anonymous_5)
FN:51,(anonymous_6)
FN:65,(anonymous_7)
FN:70,(anonymous_8)
FNF:8
FNH:1
FNDA:0,(anonymous_1)
FNDA:0,(anonymous_2)
FNDA:0,(anonymous_3)
FNDA:2,(anonymous_4)
FNDA:0,(anonymous_5)
FNDA:0,(anonymous_6)
FNDA:0,(anonymous_7)
FNDA:0,(anonymous_8)
DA:2,2
DA:4,2
DA:12,2
DA:14,2
DA:17,0
DA:18,0
DA:19,0
DA:22,2
DA:26,0
DA:27,0
DA:28,0
DA:31,2
DA:35,0
DA:36,0
DA:42,2
DA:43,2
DA:44,0
DA:46,0
DA:50,0
DA:52,0
DA:53,0
DA:58,0
DA:60,0
DA:65,0
DA:68,2
DA:78,0
DA:79,0
DA:81,0
DA:85,0
DA:89,2
DA:92,2
LF:31
LH:11
BRDA:44,0,0,0
BRDA:58,1,0,0
BRDA:58,1,1,0
BRDA:78,2,0,0
BRF:4
BRH:0
end_of_record
TN:
SF:src/routes/options/guild.ts
FN:19,(anonymous_1)
FN:22,(anonymous_2)
FN:42,(anonymous_3)
FN:66,(anonymous_4)
FN:105,(anonymous_5)
FN:113,(anonymous_6)
FN:123,(anonymous_7)
FN:139,(anonymous_8)
FN:140,(anonymous_9)
FN:154,(anonymous_10)
FN:156,(anonymous_11)
FN:187,(anonymous_12)
FN:191,(anonymous_13)
FN:200,(anonymous_14)
FN:203,(anonymous_15)
FNF:15
FNH:1
FNDA:2,(anonymous_1)
FNDA:0,(anonymous_2)
FNDA:0,(anonymous_3)
FNDA:0,(anonymous_4)
FNDA:0,(anonymous_5)
FNDA:0,(anonymous_6)
FNDA:0,(anonymous_7)
FNDA:0,(anonymous_8)
FNDA:0,(anonymous_9)
FNDA:0,(anonymous_10)
FNDA:0,(anonymous_11)
FNDA:0,(anonymous_12)
FNDA:0,(anonymous_13)
FNDA:0,(anonymous_14)
FNDA:0,(anonymous_15)
DA:1,2
DA:19,2
DA:20,2
DA:30,0
DA:31,0
DA:32,0
DA:40,0
DA:42,0
DA:43,0
DA:47,0
DA:51,0
DA:54,0
DA:66,0
DA:67,0
DA:71,0
DA:72,0
DA:74,0
DA:85,0
DA:86,0
DA:91,0
DA:94,0
DA:101,0
DA:104,0
DA:105,0
DA:108,0
DA:111,0
DA:113,0
DA:117,0
DA:121,2
DA:132,0
DA:133,0
DA:134,0
DA:135,0
DA:137,0
DA:139,0
DA:140,0
DA:141,0
DA:142,0
DA:146,0
DA:150,0
DA:151,0
DA:153,0
DA:155,0
DA:156,0
DA:158,0
DA:159,0
DA:163,0
DA:164,0
DA:166,0
DA:170,0
DA:171,0
DA:173,0
DA:174,0
DA:180,0
DA:185,0
DA:186,0
DA:187,0
DA:190,0
DA:191,0
DA:198,0
DA:199,0
DA:200,0
DA:203,0
DA:204,0
DA:205,0
DA:206,0
DA:209,0
DA:213,2
DA:216,2
LF:69
LH:6
BRDA:30,0,0,0
BRDA:47,1,0,0
BRDA:48,2,0,0
BRDA:48,2,1,0
BRDA:57,3,0,0
BRDA:57,3,1,0
BRDA:71,4,0,0
BRDA:72,5,0,0
BRDA:85,6,0,0
BRDA:132,7,0,0
BRDA:141,8,0,0
BRDA:150,9,0,0
BRDA:158,10,0,0
BRDA:163,11,0,0
BRDA:170,12,0,0
BRDA:190,13,0,0
BRDA:205,14,0,0
BRDA:205,14,1,0
BRF:18
BRH:0
end_of_record
TN:
SF:src/routes/options/user.ts
FN:18,(anonymous_1)
FN:21,(anonymous_2)
FN:27,(anonymous_3)
FN:48,(anonymous_4)
FN:83,(anonymous_5)
FN:91,(anonymous_6)
FN:101,(anonymous_7)
FN:113,(anonymous_8)
FN:114,(anonymous_9)
FN:125,(anonymous_10)
FN:127,(anonymous_11)
FN:151,(anonymous_12)
FN:155,(anonymous_13)
FN:164,(anonymous_14)
FN:167,(anonymous_15)
FNF:15
FNH:1
FNDA:2,(anonymous_1)
FNDA:0,(anonymous_2)
FNDA:0,(anonymous_3)
FNDA:0,(anonymous_4)
FNDA:0,(anonymous_5)
FNDA:0,(anonymous_6)
FNDA:0,(anonymous_7)
FNDA:0,(anonymous_8)
FNDA:0,(anonymous_9)
FNDA:0,(anonymous_10)
FNDA:0,(anonymous_11)
FNDA:0,(anonymous_12)
FNDA:0,(anonymous_13)
FNDA:0,(anonymous_14)
FNDA:0,(anonymous_15)
DA:1,2
DA:18,2
DA:19,2
DA:22,0
DA:23,0
DA:25,0
DA:27,0
DA:28,0
DA:29,0
DA:33,0
DA:36,0
DA:48,0
DA:49,0
DA:50,0
DA:51,0
DA:52,0
DA:63,0
DA:64,0
DA:69,0
DA:72,0
DA:79,0
DA:82,0
DA:83,0
DA:86,0
DA:89,0
DA:91,0
DA:95,0
DA:99,2
DA:107,0
DA:108,0
DA:109,0
DA:111,0
DA:113,0
DA:114,0
DA:115,0
DA:116,0
DA:120,0
DA:121,0
DA:122,0
DA:124,0
DA:126,0
DA:127,0
DA:129,0
DA:130,0
DA:134,0
DA:135,0
DA:137,0
DA:138,0
DA:139,0
DA:141,0
DA:142,0
DA:144,0
DA:149,0
DA:150,0
DA:151,0
DA:154,0
DA:155,0
DA:162,0
DA:163,0
DA:164,0
DA:167,0
DA:168,0
DA:169,0
DA:170,0
DA:173,0
DA:177,2
DA:180,2
LF:67
LH:6
BRDA:22,0,0,0
BRDA:29,1,0,0
BRDA:30,2,0,0
BRDA:30,2,1,0
BRDA:39,3,0,0
BRDA:39,3,1,0
BRDA:50,4,0,0
BRDA:51,5,0,0
BRDA:63,6,0,0
BRDA:107,7,0,0
BRDA:115,8,0,0
BRDA:121,9,0,0
BRDA:129,10,0,0
BRDA:134,11,0,0
BRDA:138,12,0,0
BRDA:154,13,0,0
BRDA:169,14,0,0
BRDA:169,14,1,0
BRF:18
BRH:0
end_of_record
TN:
SF:src/wrappers/cache-wrapper.ts
FN:21,(anonymous_6)
FNF:1
FNH:0
FNDA:0,(anonymous_6)
DA:1,2
DA:19,2
DA:21,2
DA:25,0
DA:27,0
DA:29,0
DA:32,0
DA:33,0
DA:35,0
DA:46,0
DA:48,0
DA:54,0
DA:56,0
DA:57,0
DA:59,0
DA:61,0
DA:65,0
DA:67,0
DA:70,0
DA:75,2
LF:20
LH:4
BRDA:27,0,0,0
BRDA:27,1,0,0
BRDA:27,1,1,0
BRDA:56,2,0,0
BRDA:56,2,1,0
BRDA:57,3,0,0
BRDA:57,3,1,0
BRDA:65,4,0,0
BRDA:65,4,1,0
BRF:9
BRH:0
end_of_record
TN:
SF:tests/configs/default/discord-dashboard.config.ts
FNF:0
FNH:0
DA:2,2
DA:24,2
LF:2
LH:2
BRF:0
BRH:0
end_of_record
